#
# There is insufficient memory for the Java Runtime Environment to continue.
# Native memory allocation (mmap) failed to map 41943040 bytes for committing reserved memory.
# Possible reasons:
#   The system is out of physical RAM or swap space
#   In 32 bit mode, the process size limit was hit
# Possible solutions:
#   Reduce memory load on the system
#   Increase physical memory or swap space
#   Check if swap backing store is full
#   Use 64 bit Java on a 64 bit OS
#   Decrease Java heap size (-Xmx/-Xms)
#   Decrease number of Java threads
#   Decrease Java thread stack sizes (-Xss)
#   Set larger code cache with -XX:ReservedCodeCacheSize=
# This output file may be truncated or incomplete.
#
#  Out of Memory Error (os_linux.cpp:2627), pid=10242, tid=139655692216064
#
# JRE version:  (8.0_60-b27) (build )
# Java VM: Java HotSpot(TM) 64-Bit Server VM (25.60-b23 mixed mode linux-amd64 compressed oops)
# Failed to write core dump. Core dumps have been disabled. To enable core dumping, try "ulimit -c unlimited" before starting Java again
#

---------------  T H R E A D  ---------------

Current thread (0x00007f041800a000):  JavaThread "Unknown thread" [_thread_in_vm, id=10254, stack(0x00007f041fdce000,0x00007f041fecf000)]

Stack: [0x00007f041fdce000,0x00007f041fecf000],  sp=0x00007f041fecd370,  free space=1020k
Native frames: (J=compiled Java code, j=interpreted, Vv=VM code, C=native code)
V  [libjvm.so+0xab97ea]  VMError::report_and_die()+0x2ba
V  [libjvm.so+0x4f9dab]  report_vm_out_of_memory(char const*, int, unsigned long, VMErrorType, char const*)+0x8b
V  [libjvm.so+0x91a7c3]  os::Linux::commit_memory_impl(char*, unsigned long, bool)+0x103
V  [libjvm.so+0x91ad19]  os::pd_commit_memory(char*, unsigned long, unsigned long, bool)+0x29
V  [libjvm.so+0x91502a]  os::commit_memory(char*, unsigned long, unsigned long, bool)+0x2a
V  [libjvm.so+0x9886d3]  PSVirtualSpace::expand_by(unsigned long)+0x53
V  [libjvm.so+0x978817]  PSOldGen::initialize(ReservedSpace, unsigned long, char const*, int)+0xb7
V  [libjvm.so+0x2d81ba]  AdjoiningGenerations::AdjoiningGenerations(ReservedSpace, GenerationSizer*, unsigned long)+0x39a
V  [libjvm.so+0x93daf6]  ParallelScavengeHeap::initialize()+0x1d6
V  [libjvm.so+0xa8218b]  Universe::initialize_heap()+0xfb
V  [libjvm.so+0xa824fe]  universe_init()+0x3e
V  [libjvm.so+0x6388a5]  init_globals()+0x65
V  [libjvm.so+0xa666fe]  Threads::create_vm(JavaVMInitArgs*, bool*)+0x23e
V  [libjvm.so+0x6ccd34]  JNI_CreateJavaVM+0x74
C  [libjli.so+0x745e]  JavaMain+0x9e
C  [libpthread.so.0+0x8182]  start_thread+0xc2


---------------  P R O C E S S  ---------------

Java Threads: ( => current thread )

Other Threads:

=>0x00007f041800a000 (exited) JavaThread "Unknown thread" [_thread_in_vm, id=10254, stack(0x00007f041fdce000,0x00007f041fecf000)]

VM state:not at safepoint (not fully initialized)

VM Mutex/Monitor currently owned by a thread: None

GC Heap History (0 events):
No events

Deoptimization events (0 events):
No events

Internal exceptions (0 events):
No events

Events (0 events):
No events


Dynamic libraries:
00400000-00401000 r-xp 00000000 08:02 3278530                            /opt/jdk1.8.0_60/bin/java
00600000-00601000 rw-p 00000000 08:02 3278530                            /opt/jdk1.8.0_60/bin/java
0068d000-006ae000 rw-p 00000000 00:00 0                                  [heap]
c2800000-eab00000 ---p 00000000 00:00 0 
eab00000-ebf00000 rw-p 00000000 00:00 0 
ebf00000-100000000 ---p 00000000 00:00 0 
7f0409000000-7f0409270000 rwxp 00000000 00:00 0 
7f0409270000-7f0418000000 ---p 00000000 00:00 0 
7f0418000000-7f0418032000 rw-p 00000000 00:00 0 
7f0418032000-7f041c000000 ---p 00000000 00:00 0 
7f041c713000-7f041c998000 rw-p 00000000 00:00 0 
7f041c998000-7f041caed000 ---p 00000000 00:00 0 
7f041caed000-7f041caf8000 rw-p 00000000 00:00 0 
7f041caf8000-7f041cb98000 ---p 00000000 00:00 0 
7f041cb98000-7f041cba3000 rw-p 00000000 00:00 0 
7f041cba3000-7f041cf59000 ---p 00000000 00:00 0 
7f041cf59000-7f041cf73000 r-xp 00000000 08:02 3276958                    /opt/jdk1.8.0_60/jre/lib/amd64/libzip.so
7f041cf73000-7f041d173000 ---p 0001a000 08:02 3276958                    /opt/jdk1.8.0_60/jre/lib/amd64/libzip.so
7f041d173000-7f041d174000 rw-p 0001a000 08:02 3276958                    /opt/jdk1.8.0_60/jre/lib/amd64/libzip.so
7f041d174000-7f041d17f000 r-xp 00000000 08:02 1048680                    /lib/x86_64-linux-gnu/libnss_files-2.19.so
7f041d17f000-7f041d37e000 ---p 0000b000 08:02 1048680                    /lib/x86_64-linux-gnu/libnss_files-2.19.so
7f041d37e000-7f041d37f000 r--p 0000a000 08:02 1048680                    /lib/x86_64-linux-gnu/libnss_files-2.19.so
7f041d37f000-7f041d380000 rw-p 0000b000 08:02 1048680                    /lib/x86_64-linux-gnu/libnss_files-2.19.so
7f041d380000-7f041d38b000 r-xp 00000000 08:02 1048672                    /lib/x86_64-linux-gnu/libnss_nis-2.19.so
7f041d38b000-7f041d58a000 ---p 0000b000 08:02 1048672                    /lib/x86_64-linux-gnu/libnss_nis-2.19.so
7f041d58a000-7f041d58b000 r--p 0000a000 08:02 1048672                    /lib/x86_64-linux-gnu/libnss_nis-2.19.so
7f041d58b000-7f041d58c000 rw-p 0000b000 08:02 1048672                    /lib/x86_64-linux-gnu/libnss_nis-2.19.so
7f041d58c000-7f041d5a3000 r-xp 00000000 08:02 1048668                    /lib/x86_64-linux-gnu/libnsl-2.19.so
7f041d5a3000-7f041d7a2000 ---p 00017000 08:02 1048668                    /lib/x86_64-linux-gnu/libnsl-2.19.so
7f041d7a2000-7f041d7a3000 r--p 00016000 08:02 1048668                    /lib/x86_64-linux-gnu/libnsl-2.19.so
7f041d7a3000-7f041d7a4000 rw-p 00017000 08:02 1048668                    /lib/x86_64-linux-gnu/libnsl-2.19.so
7f041d7a4000-7f041d7a6000 rw-p 00000000 00:00 0 
7f041d7a6000-7f041d7af000 r-xp 00000000 08:02 1048667                    /lib/x86_64-linux-gnu/libnss_compat-2.19.so
7f041d7af000-7f041d9ae000 ---p 00009000 08:02 1048667                    /lib/x86_64-linux-gnu/libnss_compat-2.19.so
7f041d9ae000-7f041d9af000 r--p 00008000 08:02 1048667                    /lib/x86_64-linux-gnu/libnss_compat-2.19.so
7f041d9af000-7f041d9b0000 rw-p 00009000 08:02 1048667                    /lib/x86_64-linux-gnu/libnss_compat-2.19.so
7f041d9b0000-7f041d9da000 r-xp 00000000 08:02 3276966                    /opt/jdk1.8.0_60/jre/lib/amd64/libjava.so
7f041d9da000-7f041dbda000 ---p 0002a000 08:02 3276966                    /opt/jdk1.8.0_60/jre/lib/amd64/libjava.so
7f041dbda000-7f041dbdc000 rw-p 0002a000 08:02 3276966                    /opt/jdk1.8.0_60/jre/lib/amd64/libjava.so
7f041dbdc000-7f041dbe9000 r-xp 00000000 08:02 3278495                    /opt/jdk1.8.0_60/jre/lib/amd64/libverify.so
7f041dbe9000-7f041dde9000 ---p 0000d000 08:02 3278495                    /opt/jdk1.8.0_60/jre/lib/amd64/libverify.so
7f041dde9000-7f041ddeb000 rw-p 0000d000 08:02 3278495                    /opt/jdk1.8.0_60/jre/lib/amd64/libverify.so
7f041ddeb000-7f041ddf2000 r-xp 00000000 08:02 1048676                    /lib/x86_64-linux-gnu/librt-2.19.so
7f041ddf2000-7f041dff1000 ---p 00007000 08:02 1048676                    /lib/x86_64-linux-gnu/librt-2.19.so
7f041dff1000-7f041dff2000 r--p 00006000 08:02 1048676                    /lib/x86_64-linux-gnu/librt-2.19.so
7f041dff2000-7f041dff3000 rw-p 00007000 08:02 1048676                    /lib/x86_64-linux-gnu/librt-2.19.so
7f041dff3000-7f041e0f8000 r-xp 00000000 08:02 1048602                    /lib/x86_64-linux-gnu/libm-2.19.so
7f041e0f8000-7f041e2f7000 ---p 00105000 08:02 1048602                    /lib/x86_64-linux-gnu/libm-2.19.so
7f041e2f7000-7f041e2f8000 r--p 00104000 08:02 1048602                    /lib/x86_64-linux-gnu/libm-2.19.so
7f041e2f8000-7f041e2f9000 rw-p 00105000 08:02 1048602                    /lib/x86_64-linux-gnu/libm-2.19.so
7f041e2f9000-7f041efb7000 r-xp 00000000 08:02 3277455                    /opt/jdk1.8.0_60/jre/lib/amd64/server/libjvm.so
7f041efb7000-7f041f1b6000 ---p 00cbe000 08:02 3277455                    /opt/jdk1.8.0_60/jre/lib/amd64/server/libjvm.so
7f041f1b6000-7f041f28e000 rw-p 00cbd000 08:02 3277455                    /opt/jdk1.8.0_60/jre/lib/amd64/server/libjvm.so
7f041f28e000-7f041f2d3000 rw-p 00000000 00:00 0 
7f041f2d3000-7f041f48e000 r-xp 00000000 08:02 1048677                    /lib/x86_64-linux-gnu/libc-2.19.so
7f041f48e000-7f041f68d000 ---p 001bb000 08:02 1048677                    /lib/x86_64-linux-gnu/libc-2.19.so
7f041f68d000-7f041f691000 r--p 001ba000 08:02 1048677                    /lib/x86_64-linux-gnu/libc-2.19.so
7f041f691000-7f041f693000 rw-p 001be000 08:02 1048677                    /lib/x86_64-linux-gnu/libc-2.19.so
7f041f693000-7f041f698000 rw-p 00000000 00:00 0 
7f041f698000-7f041f69b000 r-xp 00000000 08:02 1048606                    /lib/x86_64-linux-gnu/libdl-2.19.so
7f041f69b000-7f041f89a000 ---p 00003000 08:02 1048606                    /lib/x86_64-linux-gnu/libdl-2.19.so
7f041f89a000-7f041f89b000 r--p 00002000 08:02 1048606                    /lib/x86_64-linux-gnu/libdl-2.19.so
7f041f89b000-7f041f89c000 rw-p 00003000 08:02 1048606                    /lib/x86_64-linux-gnu/libdl-2.19.so
7f041f89c000-7f041f8b1000 r-xp 00000000 08:02 3277023                    /opt/jdk1.8.0_60/lib/amd64/jli/libjli.so
7f041f8b1000-7f041fab1000 ---p 00015000 08:02 3277023                    /opt/jdk1.8.0_60/lib/amd64/jli/libjli.so
7f041fab1000-7f041fab2000 rw-p 00015000 08:02 3277023                    /opt/jdk1.8.0_60/lib/amd64/jli/libjli.so
7f041fab2000-7f041facb000 r-xp 00000000 08:02 1048669                    /lib/x86_64-linux-gnu/libpthread-2.19.so
7f041facb000-7f041fcca000 ---p 00019000 08:02 1048669                    /lib/x86_64-linux-gnu/libpthread-2.19.so
7f041fcca000-7f041fccb000 r--p 00018000 08:02 1048669                    /lib/x86_64-linux-gnu/libpthread-2.19.so
7f041fccb000-7f041fccc000 rw-p 00019000 08:02 1048669                    /lib/x86_64-linux-gnu/libpthread-2.19.so
7f041fccc000-7f041fcd0000 rw-p 00000000 00:00 0 
7f041fcd0000-7f041fcf3000 r-xp 00000000 08:02 1048670                    /lib/x86_64-linux-gnu/ld-2.19.so
7f041fdce000-7f041fdd1000 ---p 00000000 00:00 0 
7f041fdd1000-7f041fed3000 rw-p 00000000 00:00 0                          [stack:10254]
7f041fee3000-7f041fee6000 rw-p 00000000 00:00 0 
7f041fee6000-7f041feee000 rw-s 00000000 08:02 3408021                    /tmp/hsperfdata_shinbolat/10242
7f041feee000-7f041feef000 rw-p 00000000 00:00 0 
7f041feef000-7f041fef0000 r--p 00000000 00:00 0 
7f041fef0000-7f041fef2000 rw-p 00000000 00:00 0 
7f041fef2000-7f041fef3000 r--p 00022000 08:02 1048670                    /lib/x86_64-linux-gnu/ld-2.19.so
7f041fef3000-7f041fef4000 rw-p 00023000 08:02 1048670                    /lib/x86_64-linux-gnu/ld-2.19.so
7f041fef4000-7f041fef5000 rw-p 00000000 00:00 0 
7ffe59a44000-7ffe59a65000 rw-p 00000000 00:00 0                          [stack]
7ffe59a9e000-7ffe59aa0000 r--p 00000000 00:00 0                          [vvar]
7ffe59aa0000-7ffe59aa2000 r-xp 00000000 00:00 0                          [vdso]
ffffffffff600000-ffffffffff601000 r-xp 00000000 00:00 0                  [vsyscall]

VM Arguments:
jvm_args: -Djava.awt.headless=true -Xmx1024M -Dfile.encoding=UTF-8 -Duser.country=US -Duser.language=en -Duser.variant 
java_command: com.android.dx.command.Main --dex --force-jumbo --multi-dex --output /home/shinbolat/AndroidStudioProjects/E-Lib/app/build/intermediates/transforms/dex/debug/folders/1000/5/slice_8 /home/shinbolat/AndroidStudioProjects/E-Lib/app/build/intermediates/transforms/instantRunSlicer/debug/folders/1/5/slice_8
java_class_path (initial): /home/shinbolat/Android/Sdk/build-tools/22.0.1/lib/dx.jar
Launcher Type: SUN_STANDARD

Environment Variables:
JAVA_HOME=/opt/jdk1.8.0_60
PATH=/usr/local/sbin:/usr/local/bin:/usr/sbin:/usr/bin:/sbin:/bin:/usr/games:/usr/local/games:/home/shinbolat/Android/Sdk/tools:/home/shinbolat/Android/Sdk/platform-tools
LD_LIBRARY_PATH=/home/shinbolat/android-studio/bin:
SHELL=/bin/bash
DISPLAY=:0.0

Signal Handlers:
SIGSEGV: [libjvm.so+0xaba070], sa_mask[0]=11111111011111111101111111111110, sa_flags=SA_RESTART|SA_SIGINFO
SIGBUS: [libjvm.so+0xaba070], sa_mask[0]=11111111011111111101111111111110, sa_flags=SA_RESTART|SA_SIGINFO
SIGFPE: [libjvm.so+0x917630], sa_mask[0]=11111111011111111101111111111110, sa_flags=SA_RESTART|SA_SIGINFO
SIGPIPE: [libjvm.so+0x917630], sa_mask[0]=11111111011111111101111111111110, sa_flags=SA_RESTART|SA_SIGINFO
SIGXFSZ: [libjvm.so+0x917630], sa_mask[0]=11111111011111111101111111111110, sa_flags=SA_RESTART|SA_SIGINFO
SIGILL: [libjvm.so+0x917630], sa_mask[0]=11111111011111111101111111111110, sa_flags=SA_RESTART|SA_SIGINFO
SIGUSR1: SIG_DFL, sa_mask[0]=00000000000000000000000000000000, sa_flags=none
SIGUSR2: [libjvm.so+0x918c60], sa_mask[0]=00100000000000000000000000000000, sa_flags=SA_RESTART|SA_SIGINFO
SIGHUP: SIG_DFL, sa_mask[0]=00000000000000000000000000000000, sa_flags=none
SIGINT: SIG_DFL, sa_mask[0]=00000000000000000000000000000000, sa_flags=none
SIGTERM: SIG_DFL, sa_mask[0]=00000000000000000000000000000000, sa_flags=none
SIGQUIT: SIG_DFL, sa_mask[0]=00000000000000000000000000000000, sa_flags=none


---------------  S Y S T E M  ---------------

OS:DISTRIB_ID=Ubuntu
DISTRIB_RELEASE=14.04
DISTRIB_CODENAME=trusty
DISTRIB_DESCRIPTION="Ubuntu 14.04.4 LTS"

uname:Linux 3.19.0-58-generic #64~14.04.1-Ubuntu SMP Fri Mar 18 19:05:43 UTC 2016 x86_64
libc:glibc 2.19 NPTL 2.19 
rlimit: STACK 8192k, CORE 0k, NPROC 14529, NOFILE 4096, AS infinity
load average:2.89 2.33 1.85

/proc/meminfo:
MemTotal:        3813816 kB
MemFree:           95360 kB
MemAvailable:      39492 kB
Buffers:            1384 kB
Cached:           351292 kB
SwapCached:            0 kB
Active:          3256316 kB
Inactive:         305404 kB
Active(anon):    3244404 kB
Inactive(anon):   293996 kB
Active(file):      11912 kB
Inactive(file):    11408 kB
Unevictable:           0 kB
Mlocked:               0 kB
SwapTotal:             0 kB
SwapFree:              0 kB
Dirty:              1484 kB
Writeback:             0 kB
AnonPages:       3209380 kB
Mapped:           111780 kB
Shmem:            329136 kB
Slab:              69760 kB
SReclaimable:      33884 kB
SUnreclaim:        35876 kB
KernelStack:        9616 kB
PageTables:        40084 kB
NFS_Unstable:          0 kB
Bounce:                0 kB
WritebackTmp:          0 kB
CommitLimit:     1906908 kB
Committed_AS:    6989572 kB
VmallocTotal:   34359738367 kB
VmallocUsed:      546036 kB
VmallocChunk:   34359105160 kB
HardwareCorrupted:     0 kB
AnonHugePages:   1505280 kB
CmaTotal:              0 kB
CmaFree:               0 kB
HugePages_Total:       0
HugePages_Free:        0
HugePages_Rsvd:        0
HugePages_Surp:        0
Hugepagesize:       2048 kB
DirectMap4k:      113280 kB
DirectMap2M:     2797568 kB
DirectMap1G:     2097152 kB


CPU:total 4 (2 cores per cpu, 2 threads per core) family 6 model 69 stepping 1, cmov, cx8, fxsr, mmx, sse, sse2, sse3, ssse3, sse4.1, sse4.2, popcnt, avx, avx2, aes, clmul, erms, lzcnt, ht, tsc, tscinvbit, bmi1, bmi2

/proc/cpuinfo:
processor	: 0
vendor_id	: GenuineIntel
cpu family	: 6
model		: 69
model name	: Intel(R) Core(TM) i5-4200U CPU @ 1.60GHz
stepping	: 1
microcode	: 0x14
cpu MHz		: 2300.000
cache size	: 3072 KB
physical id	: 0
siblings	: 4
core id		: 0
cpu cores	: 2
apicid		: 0
initial apicid	: 0
fpu		: yes
fpu_exception	: yes
cpuid level	: 13
wp		: yes
flags		: fpu vme de pse tsc msr pae mce cx8 apic sep mtrr pge mca cmov pat pse36 clflush dts acpi mmx fxsr sse sse2 ss ht tm pbe syscall nx pdpe1gb rdtscp lm constant_tsc arch_perfmon pebs bts rep_good nopl xtopology nonstop_tsc aperfmperf eagerfpu pni pclmulqdq dtes64 monitor ds_cpl vmx est tm2 ssse3 fma cx16 xtpr pdcm pcid sse4_1 sse4_2 movbe popcnt tsc_deadline_timer aes xsave avx f16c rdrand lahf_lm abm ida arat epb pln pts dtherm tpr_shadow vnmi flexpriority ept vpid fsgsbase tsc_adjust bmi1 avx2 smep bmi2 erms invpcid xsaveopt
bugs		:
bogomips	: 4589.16
clflush size	: 64
cache_alignment	: 64
address sizes	: 39 bits physical, 48 bits virtual
power management:

processor	: 1
vendor_id	: GenuineIntel
cpu family	: 6
model		: 69
model name	: Intel(R) Core(TM) i5-4200U CPU @ 1.60GHz
stepping	: 1
microcode	: 0x14
cpu MHz		: 2299.910
cache size	: 3072 KB
physical id	: 0
siblings	: 4
core id		: 0
cpu cores	: 2
apicid		: 1
initial apicid	: 1
fpu		: yes
fpu_exception	: yes
cpuid level	: 13
wp		: yes
flags		: fpu vme de pse tsc msr pae mce cx8 apic sep mtrr pge mca cmov pat pse36 clflush dts acpi mmx fxsr sse sse2 ss ht tm pbe syscall nx pdpe1gb rdtscp lm constant_tsc arch_perfmon pebs bts rep_good nopl xtopology nonstop_tsc aperfmperf eagerfpu pni pclmulqdq dtes64 monitor ds_cpl vmx est tm2 ssse3 fma cx16 xtpr pdcm pcid sse4_1 sse4_2 movbe popcnt tsc_deadline_timer aes xsave avx f16c rdrand lahf_lm abm ida arat epb pln pts dtherm tpr_shadow vnmi flexpriority ept vpid fsgsbase tsc_adjust bmi1 avx2 smep bmi2 erms invpcid xsaveopt
bugs		:
bogomips	: 4589.16
clflush size	: 64
cache_alignment	: 64
address sizes	: 39 bits physical, 48 bits virtual
power management:

processor	: 2
vendor_id	: GenuineIntel
cpu family	: 6
model		: 69
model name	: Intel(R) Core(TM) i5-4200U CPU @ 1.60GHz
stepping	: 1
microcode	: 0x14
cpu MHz		: 2299.910
cache size	: 3072 KB
physical id	: 0
siblings	: 4
core id		: 1
cpu cores	: 2
apicid		: 2
initial apicid	: 2
fpu		: yes
fpu_exception	: yes
cpuid level	: 13
wp		: yes
flags		: fpu vme de pse tsc msr pae mce cx8 apic sep mtrr pge mca cmov pat pse36 clflush dts acpi mmx fxsr sse sse2 ss ht tm pbe syscall nx pdpe1gb rdtscp lm constant_tsc arch_perfmon pebs bts rep_good nopl xtopology nonstop_tsc aperfmperf eagerfpu pni pclmulqdq dtes64 monitor ds_cpl vmx est tm2 ssse3 fma cx16 xtpr pdcm pcid sse4_1 sse4_2 movbe popcnt tsc_deadline_timer aes xsave avx f16c rdrand lahf_lm abm ida arat epb pln pts dtherm tpr_shadow vnmi flexpriority ept vpid fsgsbase tsc_adjust bmi1 avx2 smep bmi2 erms invpcid xsaveopt
bugs		:
bogomips	: 4589.16
clflush size	: 64
cache_alignment	: 64
address sizes	: 39 bits physical, 48 bits virtual
power management:

processor	: 3
vendor_id	: GenuineIntel
cpu family	: 6
model		: 69
model name	: Intel(R) Core(TM) i5-4200U CPU @ 1.60GHz
stepping	: 1
microcode	: 0x14
cpu MHz		: 2300.000
cache size	: 3072 KB
physical id	: 0
siblings	: 4
core id		: 1
cpu cores	: 2
apicid		: 3
initial apicid	: 3
fpu		: yes
fpu_exception	: yes
cpuid level	: 13
wp		: yes
flags		: fpu vme de pse tsc msr pae mce cx8 apic sep mtrr pge mca cmov pat pse36 clflush dts acpi mmx fxsr sse sse2 ss ht tm pbe syscall nx pdpe1gb rdtscp lm constant_tsc arch_perfmon pebs bts rep_good nopl xtopology nonstop_tsc aperfmperf eagerfpu pni pclmulqdq dtes64 monitor ds_cpl vmx est tm2 ssse3 fma cx16 xtpr pdcm pcid sse4_1 sse4_2 movbe popcnt tsc_deadline_timer aes xsave avx f16c rdrand lahf_lm abm ida arat epb pln pts dtherm tpr_shadow vnmi flexpriority ept vpid fsgsbase tsc_adjust bmi1 avx2 smep bmi2 erms invpcid xsaveopt
bugs		:
bogomips	: 4589.16
clflush size	: 64
cache_alignment	: 64
address sizes	: 39 bits physical, 48 bits virtual
power management:



Memory: 4k page, physical 3813816k(95780k free), swap 0k(0k free)

vm_info: Java HotSpot(TM) 64-Bit Server VM (25.60-b23) for linux-amd64 JRE (1.8.0_60-b27), built on Aug  4 2015 12:19:40 by "java_re" with gcc 4.3.0 20080428 (Red Hat 4.3.0-8)

time: Wed Apr 27 07:14:43 2016
elapsed time: 0 seconds (0d 0h 0m 0s)

