#
# There is insufficient memory for the Java Runtime Environment to continue.
# Native memory allocation (mmap) failed to map 41943040 bytes for committing reserved memory.
# Possible reasons:
#   The system is out of physical RAM or swap space
#   In 32 bit mode, the process size limit was hit
# Possible solutions:
#   Reduce memory load on the system
#   Increase physical memory or swap space
#   Check if swap backing store is full
#   Use 64 bit Java on a 64 bit OS
#   Decrease Java heap size (-Xmx/-Xms)
#   Decrease number of Java threads
#   Decrease Java thread stack sizes (-Xss)
#   Set larger code cache with -XX:ReservedCodeCacheSize=
# This output file may be truncated or incomplete.
#
#  Out of Memory Error (os_linux.cpp:2627), pid=10237, tid=140443995772672
#
# JRE version:  (8.0_60-b27) (build )
# Java VM: Java HotSpot(TM) 64-Bit Server VM (25.60-b23 mixed mode linux-amd64 compressed oops)
# Failed to write core dump. Core dumps have been disabled. To enable core dumping, try "ulimit -c unlimited" before starting Java again
#

---------------  T H R E A D  ---------------

Current thread (0x00007fbba400a000):  JavaThread "Unknown thread" [_thread_in_vm, id=10253, stack(0x00007fbbaa6a9000,0x00007fbbaa7aa000)]

Stack: [0x00007fbbaa6a9000,0x00007fbbaa7aa000],  sp=0x00007fbbaa7a8370,  free space=1020k
Native frames: (J=compiled Java code, j=interpreted, Vv=VM code, C=native code)
V  [libjvm.so+0xab97ea]  VMError::report_and_die()+0x2ba
V  [libjvm.so+0x4f9dab]  report_vm_out_of_memory(char const*, int, unsigned long, VMErrorType, char const*)+0x8b
V  [libjvm.so+0x91a7c3]  os::Linux::commit_memory_impl(char*, unsigned long, bool)+0x103
V  [libjvm.so+0x91ad19]  os::pd_commit_memory(char*, unsigned long, unsigned long, bool)+0x29
V  [libjvm.so+0x91502a]  os::commit_memory(char*, unsigned long, unsigned long, bool)+0x2a
V  [libjvm.so+0x9886d3]  PSVirtualSpace::expand_by(unsigned long)+0x53
V  [libjvm.so+0x978817]  PSOldGen::initialize(ReservedSpace, unsigned long, char const*, int)+0xb7
V  [libjvm.so+0x2d81ba]  AdjoiningGenerations::AdjoiningGenerations(ReservedSpace, GenerationSizer*, unsigned long)+0x39a
V  [libjvm.so+0x93daf6]  ParallelScavengeHeap::initialize()+0x1d6
V  [libjvm.so+0xa8218b]  Universe::initialize_heap()+0xfb
V  [libjvm.so+0xa824fe]  universe_init()+0x3e
V  [libjvm.so+0x6388a5]  init_globals()+0x65
V  [libjvm.so+0xa666fe]  Threads::create_vm(JavaVMInitArgs*, bool*)+0x23e
V  [libjvm.so+0x6ccd34]  JNI_CreateJavaVM+0x74
C  [libjli.so+0x745e]  JavaMain+0x9e
C  [libpthread.so.0+0x8182]  start_thread+0xc2


---------------  P R O C E S S  ---------------

Java Threads: ( => current thread )

Other Threads:

=>0x00007fbba400a000 (exited) JavaThread "Unknown thread" [_thread_in_vm, id=10253, stack(0x00007fbbaa6a9000,0x00007fbbaa7aa000)]

VM state:not at safepoint (not fully initialized)

VM Mutex/Monitor currently owned by a thread: None

GC Heap History (0 events):
No events

Deoptimization events (0 events):
No events

Internal exceptions (0 events):
No events

Events (0 events):
No events


Dynamic libraries:
00400000-00401000 r-xp 00000000 08:02 3278530                            /opt/jdk1.8.0_60/bin/java
00600000-00601000 rw-p 00000000 08:02 3278530                            /opt/jdk1.8.0_60/bin/java
0233c000-0235d000 rw-p 00000000 00:00 0                                  [heap]
c2800000-eab00000 ---p 00000000 00:00 0 
eab00000-ebf00000 rw-p 00000000 00:00 0 
ebf00000-100000000 ---p 00000000 00:00 0 
7fbb93f6d000-7fbb941f2000 rw-p 00000000 00:00 0 
7fbb941f2000-7fbb94347000 ---p 00000000 00:00 0 
7fbb94347000-7fbb94352000 rw-p 00000000 00:00 0 
7fbb94352000-7fbb943f2000 ---p 00000000 00:00 0 
7fbb943f2000-7fbb943fd000 rw-p 00000000 00:00 0 
7fbb943fd000-7fbb947b3000 ---p 00000000 00:00 0 
7fbb947b3000-7fbb94a23000 rwxp 00000000 00:00 0 
7fbb94a23000-7fbba37b3000 ---p 00000000 00:00 0 
7fbba37b3000-7fbba37cd000 r-xp 00000000 08:02 3276958                    /opt/jdk1.8.0_60/jre/lib/amd64/libzip.so
7fbba37cd000-7fbba39cd000 ---p 0001a000 08:02 3276958                    /opt/jdk1.8.0_60/jre/lib/amd64/libzip.so
7fbba39cd000-7fbba39ce000 rw-p 0001a000 08:02 3276958                    /opt/jdk1.8.0_60/jre/lib/amd64/libzip.so
7fbba39ce000-7fbba39d9000 r-xp 00000000 08:02 1048680                    /lib/x86_64-linux-gnu/libnss_files-2.19.so
7fbba39d9000-7fbba3bd8000 ---p 0000b000 08:02 1048680                    /lib/x86_64-linux-gnu/libnss_files-2.19.so
7fbba3bd8000-7fbba3bd9000 r--p 0000a000 08:02 1048680                    /lib/x86_64-linux-gnu/libnss_files-2.19.so
7fbba3bd9000-7fbba3bda000 rw-p 0000b000 08:02 1048680                    /lib/x86_64-linux-gnu/libnss_files-2.19.so
7fbba3bda000-7fbba3be5000 r-xp 00000000 08:02 1048672                    /lib/x86_64-linux-gnu/libnss_nis-2.19.so
7fbba3be5000-7fbba3de4000 ---p 0000b000 08:02 1048672                    /lib/x86_64-linux-gnu/libnss_nis-2.19.so
7fbba3de4000-7fbba3de5000 r--p 0000a000 08:02 1048672                    /lib/x86_64-linux-gnu/libnss_nis-2.19.so
7fbba3de5000-7fbba3de6000 rw-p 0000b000 08:02 1048672                    /lib/x86_64-linux-gnu/libnss_nis-2.19.so
7fbba3de6000-7fbba3dfd000 r-xp 00000000 08:02 1048668                    /lib/x86_64-linux-gnu/libnsl-2.19.so
7fbba3dfd000-7fbba3ffc000 ---p 00017000 08:02 1048668                    /lib/x86_64-linux-gnu/libnsl-2.19.so
7fbba3ffc000-7fbba3ffd000 r--p 00016000 08:02 1048668                    /lib/x86_64-linux-gnu/libnsl-2.19.so
7fbba3ffd000-7fbba3ffe000 rw-p 00017000 08:02 1048668                    /lib/x86_64-linux-gnu/libnsl-2.19.so
7fbba3ffe000-7fbba4000000 rw-p 00000000 00:00 0 
7fbba4000000-7fbba4032000 rw-p 00000000 00:00 0 
7fbba4032000-7fbba8000000 ---p 00000000 00:00 0 
7fbba8081000-7fbba808a000 r-xp 00000000 08:02 1048667                    /lib/x86_64-linux-gnu/libnss_compat-2.19.so
7fbba808a000-7fbba8289000 ---p 00009000 08:02 1048667                    /lib/x86_64-linux-gnu/libnss_compat-2.19.so
7fbba8289000-7fbba828a000 r--p 00008000 08:02 1048667                    /lib/x86_64-linux-gnu/libnss_compat-2.19.so
7fbba828a000-7fbba828b000 rw-p 00009000 08:02 1048667                    /lib/x86_64-linux-gnu/libnss_compat-2.19.so
7fbba828b000-7fbba82b5000 r-xp 00000000 08:02 3276966                    /opt/jdk1.8.0_60/jre/lib/amd64/libjava.so
7fbba82b5000-7fbba84b5000 ---p 0002a000 08:02 3276966                    /opt/jdk1.8.0_60/jre/lib/amd64/libjava.so
7fbba84b5000-7fbba84b7000 rw-p 0002a000 08:02 3276966                    /opt/jdk1.8.0_60/jre/lib/amd64/libjava.so
7fbba84b7000-7fbba84c4000 r-xp 00000000 08:02 3278495                    /opt/jdk1.8.0_60/jre/lib/amd64/libverify.so
7fbba84c4000-7fbba86c4000 ---p 0000d000 08:02 3278495                    /opt/jdk1.8.0_60/jre/lib/amd64/libverify.so
7fbba86c4000-7fbba86c6000 rw-p 0000d000 08:02 3278495                    /opt/jdk1.8.0_60/jre/lib/amd64/libverify.so
7fbba86c6000-7fbba86cd000 r-xp 00000000 08:02 1048676                    /lib/x86_64-linux-gnu/librt-2.19.so
7fbba86cd000-7fbba88cc000 ---p 00007000 08:02 1048676                    /lib/x86_64-linux-gnu/librt-2.19.so
7fbba88cc000-7fbba88cd000 r--p 00006000 08:02 1048676                    /lib/x86_64-linux-gnu/librt-2.19.so
7fbba88cd000-7fbba88ce000 rw-p 00007000 08:02 1048676                    /lib/x86_64-linux-gnu/librt-2.19.so
7fbba88ce000-7fbba89d3000 r-xp 00000000 08:02 1048602                    /lib/x86_64-linux-gnu/libm-2.19.so
7fbba89d3000-7fbba8bd2000 ---p 00105000 08:02 1048602                    /lib/x86_64-linux-gnu/libm-2.19.so
7fbba8bd2000-7fbba8bd3000 r--p 00104000 08:02 1048602                    /lib/x86_64-linux-gnu/libm-2.19.so
7fbba8bd3000-7fbba8bd4000 rw-p 00105000 08:02 1048602                    /lib/x86_64-linux-gnu/libm-2.19.so
7fbba8bd4000-7fbba9892000 r-xp 00000000 08:02 3277455                    /opt/jdk1.8.0_60/jre/lib/amd64/server/libjvm.so
7fbba9892000-7fbba9a91000 ---p 00cbe000 08:02 3277455                    /opt/jdk1.8.0_60/jre/lib/amd64/server/libjvm.so
7fbba9a91000-7fbba9b69000 rw-p 00cbd000 08:02 3277455                    /opt/jdk1.8.0_60/jre/lib/amd64/server/libjvm.so
7fbba9b69000-7fbba9bae000 rw-p 00000000 00:00 0 
7fbba9bae000-7fbba9d69000 r-xp 00000000 08:02 1048677                    /lib/x86_64-linux-gnu/libc-2.19.so
7fbba9d69000-7fbba9f68000 ---p 001bb000 08:02 1048677                    /lib/x86_64-linux-gnu/libc-2.19.so
7fbba9f68000-7fbba9f6c000 r--p 001ba000 08:02 1048677                    /lib/x86_64-linux-gnu/libc-2.19.so
7fbba9f6c000-7fbba9f6e000 rw-p 001be000 08:02 1048677                    /lib/x86_64-linux-gnu/libc-2.19.so
7fbba9f6e000-7fbba9f73000 rw-p 00000000 00:00 0 
7fbba9f73000-7fbba9f76000 r-xp 00000000 08:02 1048606                    /lib/x86_64-linux-gnu/libdl-2.19.so
7fbba9f76000-7fbbaa175000 ---p 00003000 08:02 1048606                    /lib/x86_64-linux-gnu/libdl-2.19.so
7fbbaa175000-7fbbaa176000 r--p 00002000 08:02 1048606                    /lib/x86_64-linux-gnu/libdl-2.19.so
7fbbaa176000-7fbbaa177000 rw-p 00003000 08:02 1048606                    /lib/x86_64-linux-gnu/libdl-2.19.so
7fbbaa177000-7fbbaa18c000 r-xp 00000000 08:02 3277023                    /opt/jdk1.8.0_60/lib/amd64/jli/libjli.so
7fbbaa18c000-7fbbaa38c000 ---p 00015000 08:02 3277023                    /opt/jdk1.8.0_60/lib/amd64/jli/libjli.so
7fbbaa38c000-7fbbaa38d000 rw-p 00015000 08:02 3277023                    /opt/jdk1.8.0_60/lib/amd64/jli/libjli.so
7fbbaa38d000-7fbbaa3a6000 r-xp 00000000 08:02 1048669                    /lib/x86_64-linux-gnu/libpthread-2.19.so
7fbbaa3a6000-7fbbaa5a5000 ---p 00019000 08:02 1048669                    /lib/x86_64-linux-gnu/libpthread-2.19.so
7fbbaa5a5000-7fbbaa5a6000 r--p 00018000 08:02 1048669                    /lib/x86_64-linux-gnu/libpthread-2.19.so
7fbbaa5a6000-7fbbaa5a7000 rw-p 00019000 08:02 1048669                    /lib/x86_64-linux-gnu/libpthread-2.19.so
7fbbaa5a7000-7fbbaa5ab000 rw-p 00000000 00:00 0 
7fbbaa5ab000-7fbbaa5ce000 r-xp 00000000 08:02 1048670                    /lib/x86_64-linux-gnu/ld-2.19.so
7fbbaa6a9000-7fbbaa6ac000 ---p 00000000 00:00 0 
7fbbaa6ac000-7fbbaa7ae000 rw-p 00000000 00:00 0                          [stack:10253]
7fbbaa7be000-7fbbaa7c1000 rw-p 00000000 00:00 0 
7fbbaa7c1000-7fbbaa7c9000 rw-s 00000000 08:02 3408020                    /tmp/hsperfdata_shinbolat/10237
7fbbaa7c9000-7fbbaa7ca000 rw-p 00000000 00:00 0 
7fbbaa7ca000-7fbbaa7cb000 r--p 00000000 00:00 0 
7fbbaa7cb000-7fbbaa7cd000 rw-p 00000000 00:00 0 
7fbbaa7cd000-7fbbaa7ce000 r--p 00022000 08:02 1048670                    /lib/x86_64-linux-gnu/ld-2.19.so
7fbbaa7ce000-7fbbaa7cf000 rw-p 00023000 08:02 1048670                    /lib/x86_64-linux-gnu/ld-2.19.so
7fbbaa7cf000-7fbbaa7d0000 rw-p 00000000 00:00 0 
7ffd8b8dc000-7ffd8b8fd000 rw-p 00000000 00:00 0                          [stack]
7ffd8b9ce000-7ffd8b9d0000 r--p 00000000 00:00 0                          [vvar]
7ffd8b9d0000-7ffd8b9d2000 r-xp 00000000 00:00 0                          [vdso]
ffffffffff600000-ffffffffff601000 r-xp 00000000 00:00 0                  [vsyscall]

VM Arguments:
jvm_args: -Djava.awt.headless=true -Xmx1024M -Dfile.encoding=UTF-8 -Duser.country=US -Duser.language=en -Duser.variant 
java_command: com.android.dx.command.Main --dex --force-jumbo --multi-dex --output /home/shinbolat/AndroidStudioProjects/E-Lib/app/build/intermediates/transforms/dex/debug/folders/1000/5/slice_7 /home/shinbolat/AndroidStudioProjects/E-Lib/app/build/intermediates/transforms/instantRunSlicer/debug/folders/1/5/slice_7
java_class_path (initial): /home/shinbolat/Android/Sdk/build-tools/22.0.1/lib/dx.jar
Launcher Type: SUN_STANDARD

Environment Variables:
JAVA_HOME=/opt/jdk1.8.0_60
PATH=/usr/local/sbin:/usr/local/bin:/usr/sbin:/usr/bin:/sbin:/bin:/usr/games:/usr/local/games:/home/shinbolat/Android/Sdk/tools:/home/shinbolat/Android/Sdk/platform-tools
LD_LIBRARY_PATH=/home/shinbolat/android-studio/bin:
SHELL=/bin/bash
DISPLAY=:0.0

Signal Handlers:
SIGSEGV: [libjvm.so+0xaba070], sa_mask[0]=11111111011111111101111111111110, sa_flags=SA_RESTART|SA_SIGINFO
SIGBUS: [libjvm.so+0xaba070], sa_mask[0]=11111111011111111101111111111110, sa_flags=SA_RESTART|SA_SIGINFO
SIGFPE: [libjvm.so+0x917630], sa_mask[0]=11111111011111111101111111111110, sa_flags=SA_RESTART|SA_SIGINFO
SIGPIPE: [libjvm.so+0x917630], sa_mask[0]=11111111011111111101111111111110, sa_flags=SA_RESTART|SA_SIGINFO
SIGXFSZ: [libjvm.so+0x917630], sa_mask[0]=11111111011111111101111111111110, sa_flags=SA_RESTART|SA_SIGINFO
SIGILL: [libjvm.so+0x917630], sa_mask[0]=11111111011111111101111111111110, sa_flags=SA_RESTART|SA_SIGINFO
SIGUSR1: SIG_DFL, sa_mask[0]=00000000000000000000000000000000, sa_flags=none
SIGUSR2: [libjvm.so+0x918c60], sa_mask[0]=00100000000000000000000000000000, sa_flags=SA_RESTART|SA_SIGINFO
SIGHUP: SIG_DFL, sa_mask[0]=00000000000000000000000000000000, sa_flags=none
SIGINT: SIG_DFL, sa_mask[0]=00000000000000000000000000000000, sa_flags=none
SIGTERM: SIG_DFL, sa_mask[0]=00000000000000000000000000000000, sa_flags=none
SIGQUIT: SIG_DFL, sa_mask[0]=00000000000000000000000000000000, sa_flags=none


---------------  S Y S T E M  ---------------

OS:DISTRIB_ID=Ubuntu
DISTRIB_RELEASE=14.04
DISTRIB_CODENAME=trusty
DISTRIB_DESCRIPTION="Ubuntu 14.04.4 LTS"

uname:Linux 3.19.0-58-generic #64~14.04.1-Ubuntu SMP Fri Mar 18 19:05:43 UTC 2016 x86_64
libc:glibc 2.19 NPTL 2.19 
rlimit: STACK 8192k, CORE 0k, NPROC 14529, NOFILE 4096, AS infinity
load average:2.89 2.33 1.85

/proc/meminfo:
MemTotal:        3813816 kB
MemFree:           95804 kB
MemAvailable:      39808 kB
Buffers:            1364 kB
Cached:           351084 kB
SwapCached:            0 kB
Active:          3256128 kB
Inactive:         305376 kB
Active(anon):    3244448 kB
Inactive(anon):   293996 kB
Active(file):      11680 kB
Inactive(file):    11380 kB
Unevictable:           0 kB
Mlocked:               0 kB
SwapTotal:             0 kB
SwapFree:              0 kB
Dirty:              1488 kB
Writeback:             0 kB
AnonPages:       3209380 kB
Mapped:           111228 kB
Shmem:            329136 kB
Slab:              69760 kB
SReclaimable:      33884 kB
SUnreclaim:        35876 kB
KernelStack:        9616 kB
PageTables:        40084 kB
NFS_Unstable:          0 kB
Bounce:                0 kB
WritebackTmp:          0 kB
CommitLimit:     1906908 kB
Committed_AS:    6989572 kB
VmallocTotal:   34359738367 kB
VmallocUsed:      546036 kB
VmallocChunk:   34359105160 kB
HardwareCorrupted:     0 kB
AnonHugePages:   1505280 kB
CmaTotal:              0 kB
CmaFree:               0 kB
HugePages_Total:       0
HugePages_Free:        0
HugePages_Rsvd:        0
HugePages_Surp:        0
Hugepagesize:       2048 kB
DirectMap4k:      113280 kB
DirectMap2M:     2797568 kB
DirectMap1G:     2097152 kB


CPU:total 4 (2 cores per cpu, 2 threads per core) family 6 model 69 stepping 1, cmov, cx8, fxsr, mmx, sse, sse2, sse3, ssse3, sse4.1, sse4.2, popcnt, avx, avx2, aes, clmul, erms, lzcnt, ht, tsc, tscinvbit, bmi1, bmi2

/proc/cpuinfo:
processor	: 0
vendor_id	: GenuineIntel
cpu family	: 6
model		: 69
model name	: Intel(R) Core(TM) i5-4200U CPU @ 1.60GHz
stepping	: 1
microcode	: 0x14
cpu MHz		: 2300.000
cache size	: 3072 KB
physical id	: 0
siblings	: 4
core id		: 0
cpu cores	: 2
apicid		: 0
initial apicid	: 0
fpu		: yes
fpu_exception	: yes
cpuid level	: 13
wp		: yes
flags		: fpu vme de pse tsc msr pae mce cx8 apic sep mtrr pge mca cmov pat pse36 clflush dts acpi mmx fxsr sse sse2 ss ht tm pbe syscall nx pdpe1gb rdtscp lm constant_tsc arch_perfmon pebs bts rep_good nopl xtopology nonstop_tsc aperfmperf eagerfpu pni pclmulqdq dtes64 monitor ds_cpl vmx est tm2 ssse3 fma cx16 xtpr pdcm pcid sse4_1 sse4_2 movbe popcnt tsc_deadline_timer aes xsave avx f16c rdrand lahf_lm abm ida arat epb pln pts dtherm tpr_shadow vnmi flexpriority ept vpid fsgsbase tsc_adjust bmi1 avx2 smep bmi2 erms invpcid xsaveopt
bugs		:
bogomips	: 4589.16
clflush size	: 64
cache_alignment	: 64
address sizes	: 39 bits physical, 48 bits virtual
power management:

processor	: 1
vendor_id	: GenuineIntel
cpu family	: 6
model		: 69
model name	: Intel(R) Core(TM) i5-4200U CPU @ 1.60GHz
stepping	: 1
microcode	: 0x14
cpu MHz		: 2299.910
cache size	: 3072 KB
physical id	: 0
siblings	: 4
core id		: 0
cpu cores	: 2
apicid		: 1
initial apicid	: 1
fpu		: yes
fpu_exception	: yes
cpuid level	: 13
wp		: yes
flags		: fpu vme de pse tsc msr pae mce cx8 apic sep mtrr pge mca cmov pat pse36 clflush dts acpi mmx fxsr sse sse2 ss ht tm pbe syscall nx pdpe1gb rdtscp lm constant_tsc arch_perfmon pebs bts rep_good nopl xtopology nonstop_tsc aperfmperf eagerfpu pni pclmulqdq dtes64 monitor ds_cpl vmx est tm2 ssse3 fma cx16 xtpr pdcm pcid sse4_1 sse4_2 movbe popcnt tsc_deadline_timer aes xsave avx f16c rdrand lahf_lm abm ida arat epb pln pts dtherm tpr_shadow vnmi flexpriority ept vpid fsgsbase tsc_adjust bmi1 avx2 smep bmi2 erms invpcid xsaveopt
bugs		:
bogomips	: 4589.16
clflush size	: 64
cache_alignment	: 64
address sizes	: 39 bits physical, 48 bits virtual
power management:

processor	: 2
vendor_id	: GenuineIntel
cpu family	: 6
model		: 69
model name	: Intel(R) Core(TM) i5-4200U CPU @ 1.60GHz
stepping	: 1
microcode	: 0x14
cpu MHz		: 2299.910
cache size	: 3072 KB
physical id	: 0
siblings	: 4
core id		: 1
cpu cores	: 2
apicid		: 2
initial apicid	: 2
fpu		: yes
fpu_exception	: yes
cpuid level	: 13
wp		: yes
flags		: fpu vme de pse tsc msr pae mce cx8 apic sep mtrr pge mca cmov pat pse36 clflush dts acpi mmx fxsr sse sse2 ss ht tm pbe syscall nx pdpe1gb rdtscp lm constant_tsc arch_perfmon pebs bts rep_good nopl xtopology nonstop_tsc aperfmperf eagerfpu pni pclmulqdq dtes64 monitor ds_cpl vmx est tm2 ssse3 fma cx16 xtpr pdcm pcid sse4_1 sse4_2 movbe popcnt tsc_deadline_timer aes xsave avx f16c rdrand lahf_lm abm ida arat epb pln pts dtherm tpr_shadow vnmi flexpriority ept vpid fsgsbase tsc_adjust bmi1 avx2 smep bmi2 erms invpcid xsaveopt
bugs		:
bogomips	: 4589.16
clflush size	: 64
cache_alignment	: 64
address sizes	: 39 bits physical, 48 bits virtual
power management:

processor	: 3
vendor_id	: GenuineIntel
cpu family	: 6
model		: 69
model name	: Intel(R) Core(TM) i5-4200U CPU @ 1.60GHz
stepping	: 1
microcode	: 0x14
cpu MHz		: 2300.000
cache size	: 3072 KB
physical id	: 0
siblings	: 4
core id		: 1
cpu cores	: 2
apicid		: 3
initial apicid	: 3
fpu		: yes
fpu_exception	: yes
cpuid level	: 13
wp		: yes
flags		: fpu vme de pse tsc msr pae mce cx8 apic sep mtrr pge mca cmov pat pse36 clflush dts acpi mmx fxsr sse sse2 ss ht tm pbe syscall nx pdpe1gb rdtscp lm constant_tsc arch_perfmon pebs bts rep_good nopl xtopology nonstop_tsc aperfmperf eagerfpu pni pclmulqdq dtes64 monitor ds_cpl vmx est tm2 ssse3 fma cx16 xtpr pdcm pcid sse4_1 sse4_2 movbe popcnt tsc_deadline_timer aes xsave avx f16c rdrand lahf_lm abm ida arat epb pln pts dtherm tpr_shadow vnmi flexpriority ept vpid fsgsbase tsc_adjust bmi1 avx2 smep bmi2 erms invpcid xsaveopt
bugs		:
bogomips	: 4589.16
clflush size	: 64
cache_alignment	: 64
address sizes	: 39 bits physical, 48 bits virtual
power management:



Memory: 4k page, physical 3813816k(95876k free), swap 0k(0k free)

vm_info: Java HotSpot(TM) 64-Bit Server VM (25.60-b23) for linux-amd64 JRE (1.8.0_60-b27), built on Aug  4 2015 12:19:40 by "java_re" with gcc 4.3.0 20080428 (Red Hat 4.3.0-8)

time: Wed Apr 27 07:14:43 2016
elapsed time: 0 seconds (0d 0h 0m 0s)

